<?xml version="1.0" encoding="UTF-8"?>
<testng-results skipped="0" failed="0" ignored="0" total="3" passed="3">
  <reporter-output>
  </reporter-output>
  <suite name="Default suite" duration-ms="8429" started-at="2019-01-01T15:08:47Z" finished-at="2019-01-01T15:08:56Z">
    <groups>
    </groups>
    <test name="Default test" duration-ms="8429" started-at="2019-01-01T15:08:47Z" finished-at="2019-01-01T15:08:56Z">
      <class name="com.restapi.Tests.ValidateRestAPI">
        <test-method status="PASS" signature="startReport()[pri:0, instance:com.restapi.Tests.ValidateRestAPI@271053e1]" name="startReport" is-config="true" duration-ms="135" started-at="2019-01-01T15:08:47Z" finished-at="2019-01-01T15:08:48Z">
          <reporter-output>
          </reporter-output>
        </test-method> <!-- startReport -->
        <test-method status="PASS" signature="callRestAPI()[pri:0, instance:com.restapi.Tests.ValidateRestAPI@271053e1]" name="callRestAPI" is-config="true" duration-ms="4034" started-at="2019-01-01T15:08:48Z" finished-at="2019-01-01T15:08:52Z">
          <reporter-output>
          </reporter-output>
        </test-method> <!-- callRestAPI -->
        <test-method status="PASS" signature="validateResponseCode()[pri:1, instance:com.restapi.Tests.ValidateRestAPI@271053e1]" name="validateResponseCode" duration-ms="28" started-at="2019-01-01T15:08:52Z" finished-at="2019-01-01T15:08:52Z">
          <reporter-output>
          </reporter-output>
        </test-method> <!-- validateResponseCode -->
        <test-method status="PASS" signature="getResult(org.testng.ITestResult)[pri:0, instance:com.restapi.Tests.ValidateRestAPI@271053e1]" name="getResult" is-config="true" duration-ms="5" started-at="2019-01-01T15:08:52Z" finished-at="2019-01-01T15:08:52Z">
          <params>
            <param index="0">
              <value>
                <![CDATA[[TestResult name=validateResponseCode status=SUCCESS method=ValidateRestAPI.validateResponseCode()[pri:1, instance:com.restapi.Tests.ValidateRestAPI@271053e1] output={null}]]]>
              </value>
            </param>
          </params>
          <reporter-output>
          </reporter-output>
        </test-method> <!-- getResult -->
        <test-method status="PASS" signature="callRestAPI()[pri:0, instance:com.restapi.Tests.ValidateRestAPI@271053e1]" name="callRestAPI" is-config="true" duration-ms="1773" started-at="2019-01-01T15:08:52Z" finished-at="2019-01-01T15:08:53Z">
          <reporter-output>
          </reporter-output>
        </test-method> <!-- callRestAPI -->
        <test-method status="PASS" signature="validateResponseBodyFields()[pri:2, instance:com.restapi.Tests.ValidateRestAPI@271053e1]" name="validateResponseBodyFields" duration-ms="1" started-at="2019-01-01T15:08:53Z" finished-at="2019-01-01T15:08:53Z">
          <reporter-output>
          </reporter-output>
        </test-method> <!-- validateResponseBodyFields -->
        <test-method status="PASS" signature="getResult(org.testng.ITestResult)[pri:0, instance:com.restapi.Tests.ValidateRestAPI@271053e1]" name="getResult" is-config="true" duration-ms="0" started-at="2019-01-01T15:08:53Z" finished-at="2019-01-01T15:08:53Z">
          <params>
            <param index="0">
              <value>
                <![CDATA[[TestResult name=validateResponseBodyFields status=SUCCESS method=ValidateRestAPI.validateResponseBodyFields()[pri:2, instance:com.restapi.Tests.ValidateRestAPI@271053e1] output={null}]]]>
              </value>
            </param>
          </params>
          <reporter-output>
          </reporter-output>
        </test-method> <!-- getResult -->
        <test-method status="PASS" signature="callRestAPI()[pri:0, instance:com.restapi.Tests.ValidateRestAPI@271053e1]" name="callRestAPI" is-config="true" duration-ms="1737" started-at="2019-01-01T15:08:53Z" finished-at="2019-01-01T15:08:55Z">
          <reporter-output>
          </reporter-output>
        </test-method> <!-- callRestAPI -->
        <test-method status="PASS" signature="validatePublicField()[pri:3, instance:com.restapi.Tests.ValidateRestAPI@271053e1]" name="validatePublicField" duration-ms="371" started-at="2019-01-01T15:08:55Z" finished-at="2019-01-01T15:08:56Z">
          <reporter-output>
          </reporter-output>
        </test-method> <!-- validatePublicField -->
        <test-method status="PASS" signature="getResult(org.testng.ITestResult)[pri:0, instance:com.restapi.Tests.ValidateRestAPI@271053e1]" name="getResult" is-config="true" duration-ms="1" started-at="2019-01-01T15:08:56Z" finished-at="2019-01-01T15:08:56Z">
          <params>
            <param index="0">
              <value>
                <![CDATA[[TestResult name=validatePublicField status=SUCCESS method=ValidateRestAPI.validatePublicField()[pri:3, instance:com.restapi.Tests.ValidateRestAPI@271053e1] output={null}]]]>
              </value>
            </param>
          </params>
          <reporter-output>
          </reporter-output>
        </test-method> <!-- getResult -->
        <test-method status="PASS" signature="endReport()[pri:0, instance:com.restapi.Tests.ValidateRestAPI@271053e1]" name="endReport" is-config="true" duration-ms="312" started-at="2019-01-01T15:08:56Z" finished-at="2019-01-01T15:08:56Z">
          <reporter-output>
          </reporter-output>
        </test-method> <!-- endReport -->
      </class> <!-- com.restapi.Tests.ValidateRestAPI -->
    </test> <!-- Default test -->
  </suite> <!-- Default suite -->
</testng-results>
