<?xml version="1.0" encoding="UTF-8"?>
<!-- Generated by org.testng.reporters.JUnitXMLReporter -->
<testsuite hostname="SH300043S1L" ignored="0" name="test" tests="3" failures="0" timestamp="01 Jan 2019 15:06:12 GMT" time="0.921" errors="0">
  <testcase name="validateResponseCode" time="0.027" classname="com.restapi.Tests.ValidateRestAPI"/>
  <testcase name="validateResponseBodyFields" time="0.002" classname="com.restapi.Tests.ValidateRestAPI"/>
  <testcase name="validatePublicField" time="0.356" classname="com.restapi.Tests.ValidateRestAPI"/>
</testsuite> <!-- test -->
