<?xml version="1.0" encoding="UTF-8"?>
<!-- Generated by org.testng.reporters.JUnitXMLReporter -->
<testsuite hostname="SH300043S1L" ignored="0" name="Default test" tests="3" failures="0" timestamp="01 Jan 2019 15:08:56 GMT" time="8.429" errors="0">
  <testcase name="validateResponseCode" time="0.028" classname="com.restapi.Tests.ValidateRestAPI"/>
  <testcase name="validateResponseBodyFields" time="0.001" classname="com.restapi.Tests.ValidateRestAPI"/>
  <testcase name="validatePublicField" time="0.371" classname="com.restapi.Tests.ValidateRestAPI"/>
</testsuite> <!-- Default test -->
